<?xml version="1.0" encoding="UTF-8"?>
<coverage generated="1589967179103" clover="3.2.0">
  <project timestamp="1589967179103" name="All files">
    <metrics statements="16" coveredstatements="15" conditionals="6" coveredconditionals="3" methods="11" coveredmethods="11" elements="33" coveredelements="29" complexity="0" loc="16" ncloc="16" packages="1" files="1" classes="1"/>
    <file name="index.js" path="/home/sebastiann/workspace/PERSONAL/find-array-duplicates/src/index.js">
      <metrics statements="16" coveredstatements="15" conditionals="6" coveredconditionals="3" methods="11" coveredmethods="11"/>
      <line num="23" count="7" type="cond" truecount="1" falsecount="1"/>
      <line num="24" count="0" type="stmt"/>
      <line num="27" count="7" type="cond" truecount="1" falsecount="1"/>
      <line num="28" count="7" type="stmt"/>
      <line num="29" count="7" type="cond" truecount="1" falsecount="1"/>
      <line num="31" count="7" type="stmt"/>
      <line num="32" count="31" type="stmt"/>
      <line num="35" count="30" type="stmt"/>
      <line num="37" count="7" type="stmt"/>
      <line num="38" count="1" type="stmt"/>
      <line num="39" count="2" type="stmt"/>
      <line num="40" count="1" type="stmt"/>
      <line num="41" count="1" type="stmt"/>
      <line num="42" count="1" type="stmt"/>
      <line num="43" count="1" type="stmt"/>
      <line num="47" count="1" type="stmt"/>
    </file>
  </project>
</coverage>
