<?xml version="1.0" encoding="UTF-8"?>
<coverage generated="1587654590054" clover="3.2.0">
  <project timestamp="1587654590054" name="All files">
    <metrics statements="17" coveredstatements="16" conditionals="8" coveredconditionals="4" methods="11" coveredmethods="11" elements="36" coveredelements="31" complexity="0" loc="17" ncloc="17" packages="1" files="1" classes="1"/>
    <file name="index.js" path="/home/sebastiann/workspace/PERSONAL/find-array-duplicates/src/index.js">
      <metrics statements="17" coveredstatements="16" conditionals="8" coveredconditionals="4" methods="11" coveredmethods="11"/>
      <line num="23" count="6" type="cond" truecount="1" falsecount="1"/>
      <line num="24" count="0" type="stmt"/>
      <line num="27" count="6" type="cond" truecount="1" falsecount="1"/>
      <line num="28" count="6" type="stmt"/>
      <line num="29" count="6" type="cond" truecount="1" falsecount="1"/>
      <line num="30" count="6" type="cond" truecount="1" falsecount="1"/>
      <line num="32" count="6" type="stmt"/>
      <line num="33" count="30" type="stmt"/>
      <line num="36" count="30" type="stmt"/>
      <line num="38" count="6" type="stmt"/>
      <line num="39" count="1" type="stmt"/>
      <line num="40" count="1" type="stmt"/>
      <line num="41" count="1" type="stmt"/>
      <line num="42" count="1" type="stmt"/>
      <line num="43" count="1" type="stmt"/>
      <line num="44" count="1" type="stmt"/>
      <line num="48" count="1" type="stmt"/>
    </file>
  </project>
</coverage>
