{"/home/sebastiann/workspace/PERSONAL/find-array-duplicates/src/index.js": {"path":"/home/sebastiann/workspace/PERSONAL/find-array-duplicates/src/index.js","statementMap":{"0":{"start":{"line":23,"column":2},"end":{"line":26,"column":6}},"1":{"start":{"line":24,"column":4},"end":{"line":26,"column":6}},"2":{"start":{"line":27,"column":2},"end":{"line":27,"column":75}},"3":{"start":{"line":27,"column":17},"end":{"line":27,"column":75}},"4":{"start":{"line":28,"column":16},"end":{"line":28,"column":24}},"5":{"start":{"line":29,"column":2},"end":{"line":29,"column":36}},"6":{"start":{"line":29,"column":25},"end":{"line":29,"column":36}},"7":{"start":{"line":30,"column":2},"end":{"line":30,"column":100}},"8":{"start":{"line":30,"column":27},"end":{"line":30,"column":100}},"9":{"start":{"line":32,"column":21},"end":{"line":34,"column":3}},"10":{"start":{"line":33,"column":34},"end":{"line":33,"column":47}},"11":{"start":{"line":33,"column":83},"end":{"line":33,"column":115}},"12":{"start":{"line":36,"column":25},"end":{"line":36,"column":103}},"13":{"start":{"line":36,"column":49},"end":{"line":36,"column":95}},"14":{"start":{"line":36,"column":72},"end":{"line":36,"column":94}},"15":{"start":{"line":38,"column":2},"end":{"line":45,"column":4}},"16":{"start":{"line":39,"column":18},"end":{"line":39,"column":35}},"17":{"start":{"line":40,"column":15},"end":{"line":40,"column":29}},"18":{"start":{"line":41,"column":20},"end":{"line":41,"column":38}},"19":{"start":{"line":42,"column":17},"end":{"line":42,"column":39}},"20":{"start":{"line":43,"column":20},"end":{"line":43,"column":45}},"21":{"start":{"line":44,"column":18},"end":{"line":44,"column":41}},"22":{"start":{"line":48,"column":0},"end":{"line":48,"column":27}}},"fnMap":{"0":{"name":"duplicates","decl":{"start":{"line":22,"column":9},"end":{"line":22,"column":19}},"loc":{"start":{"line":22,"column":35},"end":{"line":46,"column":1}},"line":22},"1":{"name":"(anonymous_1)","decl":{"start":{"line":33,"column":25},"end":{"line":33,"column":26}},"loc":{"start":{"line":33,"column":34},"end":{"line":33,"column":47}},"line":33},"2":{"name":"(anonymous_2)","decl":{"start":{"line":33,"column":56},"end":{"line":33,"column":57}},"loc":{"start":{"line":33,"column":83},"end":{"line":33,"column":115}},"line":33},"3":{"name":"(anonymous_3)","decl":{"start":{"line":36,"column":40},"end":{"line":36,"column":41}},"loc":{"start":{"line":36,"column":49},"end":{"line":36,"column":95}},"line":36},"4":{"name":"(anonymous_4)","decl":{"start":{"line":36,"column":62},"end":{"line":36,"column":63}},"loc":{"start":{"line":36,"column":72},"end":{"line":36,"column":94}},"line":36},"5":{"name":"(anonymous_5)","decl":{"start":{"line":39,"column":12},"end":{"line":39,"column":13}},"loc":{"start":{"line":39,"column":18},"end":{"line":39,"column":35}},"line":39},"6":{"name":"(anonymous_6)","decl":{"start":{"line":40,"column":9},"end":{"line":40,"column":10}},"loc":{"start":{"line":40,"column":15},"end":{"line":40,"column":29}},"line":40},"7":{"name":"(anonymous_7)","decl":{"start":{"line":41,"column":12},"end":{"line":41,"column":13}},"loc":{"start":{"line":41,"column":20},"end":{"line":41,"column":38}},"line":41},"8":{"name":"(anonymous_8)","decl":{"start":{"line":42,"column":9},"end":{"line":42,"column":10}},"loc":{"start":{"line":42,"column":17},"end":{"line":42,"column":39}},"line":42},"9":{"name":"(anonymous_9)","decl":{"start":{"line":43,"column":12},"end":{"line":43,"column":13}},"loc":{"start":{"line":43,"column":20},"end":{"line":43,"column":45}},"line":43},"10":{"name":"(anonymous_10)","decl":{"start":{"line":44,"column":10},"end":{"line":44,"column":11}},"loc":{"start":{"line":44,"column":18},"end":{"line":44,"column":41}},"line":44}},"branchMap":{"0":{"loc":{"start":{"line":23,"column":2},"end":{"line":26,"column":6}},"type":"if","locations":[{"start":{"line":23,"column":2},"end":{"line":26,"column":6}},{"start":{"line":23,"column":2},"end":{"line":26,"column":6}}],"line":23},"1":{"loc":{"start":{"line":27,"column":2},"end":{"line":27,"column":75}},"type":"if","locations":[{"start":{"line":27,"column":2},"end":{"line":27,"column":75}},{"start":{"line":27,"column":2},"end":{"line":27,"column":75}}],"line":27},"2":{"loc":{"start":{"line":29,"column":2},"end":{"line":29,"column":36}},"type":"if","locations":[{"start":{"line":29,"column":2},"end":{"line":29,"column":36}},{"start":{"line":29,"column":2},"end":{"line":29,"column":36}}],"line":29},"3":{"loc":{"start":{"line":30,"column":2},"end":{"line":30,"column":100}},"type":"if","locations":[{"start":{"line":30,"column":2},"end":{"line":30,"column":100}},{"start":{"line":30,"column":2},"end":{"line":30,"column":100}}],"line":30}},"s":{"0":6,"1":0,"2":6,"3":0,"4":6,"5":6,"6":0,"7":6,"8":0,"9":6,"10":30,"11":30,"12":6,"13":6,"14":30,"15":6,"16":1,"17":1,"18":1,"19":1,"20":1,"21":1,"22":1},"f":{"0":6,"1":30,"2":30,"3":6,"4":30,"5":1,"6":1,"7":1,"8":1,"9":1,"10":1},"b":{"0":[0,6],"1":[0,6],"2":[0,6],"3":[0,6]},"_coverageSchema":"1a1c01bbd47fc00a2c39e90264f33305004495a9","hash":"57f71c39a40ca35034a9abb6306e6ba5f7fdae45"}
}
