{"/home/sebastiann/workspace/PERSONAL/find-array-duplicates/src/index.js": {"path":"/home/sebastiann/workspace/PERSONAL/find-array-duplicates/src/index.js","statementMap":{"0":{"start":{"line":23,"column":2},"end":{"line":26,"column":6}},"1":{"start":{"line":24,"column":4},"end":{"line":26,"column":6}},"2":{"start":{"line":27,"column":2},"end":{"line":27,"column":75}},"3":{"start":{"line":27,"column":17},"end":{"line":27,"column":75}},"4":{"start":{"line":28,"column":16},"end":{"line":28,"column":24}},"5":{"start":{"line":29,"column":2},"end":{"line":29,"column":115}},"6":{"start":{"line":29,"column":42},"end":{"line":29,"column":115}},"7":{"start":{"line":31,"column":21},"end":{"line":33,"column":3}},"8":{"start":{"line":32,"column":34},"end":{"line":32,"column":47}},"9":{"start":{"line":32,"column":83},"end":{"line":32,"column":115}},"10":{"start":{"line":35,"column":25},"end":{"line":35,"column":103}},"11":{"start":{"line":35,"column":49},"end":{"line":35,"column":95}},"12":{"start":{"line":35,"column":72},"end":{"line":35,"column":94}},"13":{"start":{"line":37,"column":2},"end":{"line":44,"column":4}},"14":{"start":{"line":38,"column":18},"end":{"line":38,"column":35}},"15":{"start":{"line":39,"column":15},"end":{"line":39,"column":29}},"16":{"start":{"line":40,"column":20},"end":{"line":40,"column":38}},"17":{"start":{"line":41,"column":17},"end":{"line":41,"column":39}},"18":{"start":{"line":42,"column":20},"end":{"line":42,"column":45}},"19":{"start":{"line":43,"column":18},"end":{"line":43,"column":41}},"20":{"start":{"line":47,"column":0},"end":{"line":47,"column":27}}},"fnMap":{"0":{"name":"duplicates","decl":{"start":{"line":22,"column":9},"end":{"line":22,"column":19}},"loc":{"start":{"line":22,"column":35},"end":{"line":45,"column":1}},"line":22},"1":{"name":"(anonymous_1)","decl":{"start":{"line":32,"column":25},"end":{"line":32,"column":26}},"loc":{"start":{"line":32,"column":34},"end":{"line":32,"column":47}},"line":32},"2":{"name":"(anonymous_2)","decl":{"start":{"line":32,"column":56},"end":{"line":32,"column":57}},"loc":{"start":{"line":32,"column":83},"end":{"line":32,"column":115}},"line":32},"3":{"name":"(anonymous_3)","decl":{"start":{"line":35,"column":40},"end":{"line":35,"column":41}},"loc":{"start":{"line":35,"column":49},"end":{"line":35,"column":95}},"line":35},"4":{"name":"(anonymous_4)","decl":{"start":{"line":35,"column":62},"end":{"line":35,"column":63}},"loc":{"start":{"line":35,"column":72},"end":{"line":35,"column":94}},"line":35},"5":{"name":"(anonymous_5)","decl":{"start":{"line":38,"column":12},"end":{"line":38,"column":13}},"loc":{"start":{"line":38,"column":18},"end":{"line":38,"column":35}},"line":38},"6":{"name":"(anonymous_6)","decl":{"start":{"line":39,"column":9},"end":{"line":39,"column":10}},"loc":{"start":{"line":39,"column":15},"end":{"line":39,"column":29}},"line":39},"7":{"name":"(anonymous_7)","decl":{"start":{"line":40,"column":12},"end":{"line":40,"column":13}},"loc":{"start":{"line":40,"column":20},"end":{"line":40,"column":38}},"line":40},"8":{"name":"(anonymous_8)","decl":{"start":{"line":41,"column":9},"end":{"line":41,"column":10}},"loc":{"start":{"line":41,"column":17},"end":{"line":41,"column":39}},"line":41},"9":{"name":"(anonymous_9)","decl":{"start":{"line":42,"column":12},"end":{"line":42,"column":13}},"loc":{"start":{"line":42,"column":20},"end":{"line":42,"column":45}},"line":42},"10":{"name":"(anonymous_10)","decl":{"start":{"line":43,"column":10},"end":{"line":43,"column":11}},"loc":{"start":{"line":43,"column":18},"end":{"line":43,"column":41}},"line":43}},"branchMap":{"0":{"loc":{"start":{"line":23,"column":2},"end":{"line":26,"column":6}},"type":"if","locations":[{"start":{"line":23,"column":2},"end":{"line":26,"column":6}},{"start":{"line":23,"column":2},"end":{"line":26,"column":6}}],"line":23},"1":{"loc":{"start":{"line":27,"column":2},"end":{"line":27,"column":75}},"type":"if","locations":[{"start":{"line":27,"column":2},"end":{"line":27,"column":75}},{"start":{"line":27,"column":2},"end":{"line":27,"column":75}}],"line":27},"2":{"loc":{"start":{"line":29,"column":2},"end":{"line":29,"column":115}},"type":"if","locations":[{"start":{"line":29,"column":2},"end":{"line":29,"column":115}},{"start":{"line":29,"column":2},"end":{"line":29,"column":115}}],"line":29}},"s":{"0":7,"1":0,"2":7,"3":0,"4":7,"5":7,"6":0,"7":7,"8":31,"9":31,"10":7,"11":6,"12":30,"13":7,"14":1,"15":2,"16":1,"17":1,"18":1,"19":1,"20":1},"f":{"0":7,"1":31,"2":31,"3":6,"4":30,"5":1,"6":2,"7":1,"8":1,"9":1,"10":1},"b":{"0":[0,7],"1":[0,7],"2":[0,7]},"_coverageSchema":"1a1c01bbd47fc00a2c39e90264f33305004495a9","hash":"8902939e6792e779e0ccc30dce7630b89f780f4a"}
}
