TN:
SF:src/index.js
FN:22,duplicates
FN:33,(anonymous_1)
FN:33,(anonymous_2)
FN:36,(anonymous_3)
FN:36,(anonymous_4)
FN:39,(anonymous_5)
FN:40,(anonymous_6)
FN:41,(anonymous_7)
FN:42,(anonymous_8)
FN:43,(anonymous_9)
FN:44,(anonymous_10)
FNF:11
FNH:11
FNDA:6,duplicates
FNDA:30,(anonymous_1)
FNDA:30,(anonymous_2)
FNDA:6,(anonymous_3)
FNDA:30,(anonymous_4)
FNDA:1,(anonymous_5)
FNDA:1,(anonymous_6)
FNDA:1,(anonymous_7)
FNDA:1,(anonymous_8)
FNDA:1,(anonymous_9)
FNDA:1,(anonymous_10)
DA:23,6
DA:24,0
DA:27,6
DA:28,6
DA:29,6
DA:30,6
DA:32,6
DA:33,30
DA:36,30
DA:38,6
DA:39,1
DA:40,1
DA:41,1
DA:42,1
DA:43,1
DA:44,1
DA:48,1
LF:17
LH:16
BRDA:23,0,0,0
BRDA:23,0,1,6
BRDA:27,1,0,0
BRDA:27,1,1,6
BRDA:29,2,0,0
BRDA:29,2,1,6
BRDA:30,3,0,0
BRDA:30,3,1,6
BRF:8
BRH:4
end_of_record
