TN:
SF:src/index.js
FN:22,duplicates
FN:32,(anonymous_1)
FN:32,(anonymous_2)
FN:35,(anonymous_3)
FN:35,(anonymous_4)
FN:38,(anonymous_5)
FN:39,(anonymous_6)
FN:40,(anonymous_7)
FN:41,(anonymous_8)
FN:42,(anonymous_9)
FN:43,(anonymous_10)
FNF:11
FNH:11
FNDA:7,duplicates
FNDA:31,(anonymous_1)
FNDA:31,(anonymous_2)
FNDA:6,(anonymous_3)
FNDA:30,(anonymous_4)
FNDA:1,(anonymous_5)
FNDA:2,(anonymous_6)
FNDA:1,(anonymous_7)
FNDA:1,(anonymous_8)
FNDA:1,(anonymous_9)
FNDA:1,(anonymous_10)
DA:23,7
DA:24,0
DA:27,7
DA:28,7
DA:29,7
DA:31,7
DA:32,31
DA:35,30
DA:37,7
DA:38,1
DA:39,2
DA:40,1
DA:41,1
DA:42,1
DA:43,1
DA:47,1
LF:16
LH:15
BRDA:23,0,0,0
BRDA:23,0,1,7
BRDA:27,1,0,0
BRDA:27,1,1,7
BRDA:29,2,0,0
BRDA:29,2,1,7
BRF:6
BRH:3
end_of_record
